C:\USERS\CMDADMIN\GOOGLE DRIVE\COMPUTER GAME ENGINEERING\NCLGL\DEBUG\FRUSTUM.OBJ
C:\USERS\CMDADMIN\GOOGLE DRIVE\COMPUTER GAME ENGINEERING\NCLGL\DEBUG\GAMETIMER.OBJ
C:\USERS\CMDADMIN\GOOGLE DRIVE\COMPUTER GAME ENGINEERING\NCLGL\DEBUG\KEYBOARD.OBJ
C:\USERS\CMDADMIN\GOOGLE DRIVE\COMPUTER GAME ENGINEERING\NCLGL\DEBUG\LIGHT.OBJ
C:\USERS\CMDADMIN\GOOGLE DRIVE\COMPUTER GAME ENGINEERING\NCLGL\DEBUG\MATRIX3.OBJ
C:\USERS\CMDADMIN\GOOGLE DRIVE\COMPUTER GAME ENGINEERING\NCLGL\DEBUG\MATRIX4.OBJ
C:\USERS\CMDADMIN\GOOGLE DRIVE\COMPUTER GAME ENGINEERING\NCLGL\DEBUG\MD5ANIM.OBJ
C:\USERS\CMDADMIN\GOOGLE DRIVE\COMPUTER GAME ENGINEERING\NCLGL\DEBUG\MD5FILEDATA.OBJ
C:\USERS\CMDADMIN\GOOGLE DRIVE\COMPUTER GAME ENGINEERING\NCLGL\DEBUG\MD5MESH.OBJ
C:\USERS\CMDADMIN\GOOGLE DRIVE\COMPUTER GAME ENGINEERING\NCLGL\DEBUG\MD5NODE.OBJ
C:\USERS\CMDADMIN\GOOGLE DRIVE\COMPUTER GAME ENGINEERING\NCLGL\DEBUG\MESH.OBJ
C:\USERS\CMDADMIN\GOOGLE DRIVE\COMPUTER GAME ENGINEERING\NCLGL\DEBUG\MOUSE.OBJ
C:\USERS\CMDADMIN\GOOGLE DRIVE\COMPUTER GAME ENGINEERING\NCLGL\DEBUG\OBJMESH.OBJ
C:\USERS\CMDADMIN\GOOGLE DRIVE\COMPUTER GAME ENGINEERING\NCLGL\DEBUG\OGLRENDERER.OBJ
C:\USERS\CMDADMIN\GOOGLE DRIVE\COMPUTER GAME ENGINEERING\NCLGL\DEBUG\PLANE.OBJ
C:\USERS\CMDADMIN\GOOGLE DRIVE\COMPUTER GAME ENGINEERING\NCLGL\DEBUG\QUATERNION.OBJ
C:\USERS\CMDADMIN\GOOGLE DRIVE\COMPUTER GAME ENGINEERING\NCLGL\DEBUG\SCENENODE.OBJ
C:\USERS\CMDADMIN\GOOGLE DRIVE\COMPUTER GAME ENGINEERING\NCLGL\DEBUG\SHADER.OBJ
C:\USERS\CMDADMIN\GOOGLE DRIVE\COMPUTER GAME ENGINEERING\NCLGL\DEBUG\TEXTMESH.OBJ
C:\USERS\CMDADMIN\GOOGLE DRIVE\COMPUTER GAME ENGINEERING\NCLGL\DEBUG\WINDOW.OBJ
C:\USERS\CMDADMIN\GOOGLE DRIVE\COMPUTER GAME ENGINEERING\NCLGL\DEBUG\CAMERA.OBJ
C:\USERS\CMDADMIN\GOOGLE DRIVE\COMPUTER GAME ENGINEERING\NCLGL\DEBUG\CUBEROBOT.OBJ
C:\USERS\CMDADMIN\GOOGLE DRIVE\COMPUTER GAME ENGINEERING\NCLGL\DEBUG\VC110.PDB
C:\USERS\CMDADMIN\GOOGLE DRIVE\COMPUTER GAME ENGINEERING\GAME TECHNOLOGIES\DEBUG\NCLGL.LIB
C:\Users\cmdadmin\Google Drive\Computer Game Engineering\nclgl\Debug\Camera.obj
C:\Users\cmdadmin\Google Drive\Computer Game Engineering\nclgl\Debug\CubeRobot.obj
C:\Users\cmdadmin\Google Drive\Computer Game Engineering\nclgl\Debug\Frustum.obj
C:\Users\cmdadmin\Google Drive\Computer Game Engineering\nclgl\Debug\GameTimer.obj
C:\Users\cmdadmin\Google Drive\Computer Game Engineering\nclgl\Debug\Keyboard.obj
C:\Users\cmdadmin\Google Drive\Computer Game Engineering\nclgl\Debug\Light.obj
C:\Users\cmdadmin\Google Drive\Computer Game Engineering\nclgl\Debug\Matrix3.obj
C:\Users\cmdadmin\Google Drive\Computer Game Engineering\nclgl\Debug\Matrix4.obj
C:\Users\cmdadmin\Google Drive\Computer Game Engineering\nclgl\Debug\MD5Anim.obj
C:\Users\cmdadmin\Google Drive\Computer Game Engineering\nclgl\Debug\MD5FileData.obj
C:\Users\cmdadmin\Google Drive\Computer Game Engineering\nclgl\Debug\MD5Mesh.obj
C:\Users\cmdadmin\Google Drive\Computer Game Engineering\nclgl\Debug\MD5Node.obj
C:\Users\cmdadmin\Google Drive\Computer Game Engineering\nclgl\Debug\Mesh.obj
C:\Users\cmdadmin\Google Drive\Computer Game Engineering\nclgl\Debug\Mouse.obj
C:\Users\cmdadmin\Google Drive\Computer Game Engineering\nclgl\Debug\OBJMesh.obj
C:\Users\cmdadmin\Google Drive\Computer Game Engineering\nclgl\Debug\OGLRenderer.obj
C:\Users\cmdadmin\Google Drive\Computer Game Engineering\nclgl\Debug\Plane.obj
C:\Users\cmdadmin\Google Drive\Computer Game Engineering\nclgl\Debug\Quaternion.obj
C:\Users\cmdadmin\Google Drive\Computer Game Engineering\nclgl\Debug\SceneNode.obj
C:\Users\cmdadmin\Google Drive\Computer Game Engineering\nclgl\Debug\Shader.obj
C:\Users\cmdadmin\Google Drive\Computer Game Engineering\nclgl\Debug\TextMesh.obj
C:\Users\cmdadmin\Google Drive\Computer Game Engineering\nclgl\Debug\Window.obj
C:\Users\cmdadmin\Google Drive\Computer Game Engineering\nclgl\Debug\cl.command.1.tlog
C:\Users\cmdadmin\Google Drive\Computer Game Engineering\nclgl\Debug\CL.read.1.tlog
C:\Users\cmdadmin\Google Drive\Computer Game Engineering\nclgl\Debug\CL.write.1.tlog
C:\Users\cmdadmin\Google Drive\Computer Game Engineering\nclgl\Debug\Lib-link.read.1.tlog
C:\Users\cmdadmin\Google Drive\Computer Game Engineering\nclgl\Debug\Lib-link.write.1.tlog
C:\Users\cmdadmin\Google Drive\Computer Game Engineering\nclgl\Debug\lib.command.1.tlog
C:\Users\cmdadmin\Google Drive\Computer Game Engineering\nclgl\Debug\vc110.idb
C:\Users\cmdadmin\Google Drive\Computer Game Engineering\nclgl\Debug\vc110.pdb
C:\Users\cmdadmin\Google Drive\Computer Game Engineering\Game Technologies\Debug\nclgl.lib
