Build started 12/12/2014 06:06:05.
     1>Project "C:\Users\cmdadmin\Google Drive\Computer Game Engineering\nclgl\nclgl.vcxproj" on node 2 (Build target(s)).
     1>ClCompile:
         C:\Program Files (x86)\Microsoft Visual Studio 11.0\VC\bin\CL.exe /c /ZI /nologo /W3 /WX- /Od /Oy- /D GLEW_STATIC /D _MBCS /Gm /EHsc /RTC1 /MDd /GS /fp:precise /Zc:wchar_t /Zc:forScope /Fo"Debug\\" /Fd"Debug\vc110.pdb" /Gd /TP /analyze- /errorReport:prompt Frustum.cpp Plane.cpp
         Plane.cpp
         Frustum.cpp
         Generating Code...
       Lib:
         C:\Program Files (x86)\Microsoft Visual Studio 11.0\VC\bin\Lib.exe /OUT:"C:\Users\cmdadmin\Google Drive\Computer Game Engineering\Game Technologies\Debug\nclgl.lib" /NOLOGO Debug\Camera.obj
         Debug\CubeRobot.obj
         Debug\Frustum.obj
         Debug\GameTimer.obj
         Debug\Keyboard.obj
         Debug\Light.obj
         Debug\Matrix3.obj
         Debug\Matrix4.obj
         Debug\MD5Anim.obj
         Debug\MD5FileData.obj
         Debug\MD5Mesh.obj
         Debug\MD5Node.obj
         Debug\Mesh.obj
         Debug\Mouse.obj
         Debug\OBJMesh.obj
         Debug\OGLRenderer.obj
         Debug\Plane.obj
         Debug\Quaternion.obj
         Debug\SceneNode.obj
         Debug\Shader.obj
         Debug\TextMesh.obj
         Debug\Window.obj
     1>Light.obj : warning LNK4221: This object file does not define any previously undefined public symbols, so it will not be used by any link operation that consumes this library
         nclgl.vcxproj -> C:\Users\cmdadmin\Google Drive\Computer Game Engineering\Game Technologies\Debug\nclgl.lib
     1>Done Building Project "C:\Users\cmdadmin\Google Drive\Computer Game Engineering\nclgl\nclgl.vcxproj" (Build target(s)).

Build succeeded.

Time Elapsed 00:00:01.02
