Build started 12/12/2014 09:01:28.
     1>Project "C:\Users\cmdadmin\Google Drive\Computer Game Engineering\Game Technologies\Game Technologies\GameTech.vcxproj" on node 2 (Build target(s)).
       Project file contains ToolsVersion="12.0". This toolset may be unknown or missing, in which case you may be able to resolve this by installing the appropriate version of MSBuild, or the build may have been forced to a particular ToolsVersion for policy reasons. Treating the project as if it had ToolsVersion="4.0". For more information, please see http://go.microsoft.com/fwlink/?LinkId=291333.
     1>ClCompile:
         C:\Program Files (x86)\Microsoft Visual Studio 11.0\VC\bin\CL.exe /c /I"C:\Program Files\NVIDIA GPU Computing Toolkit\CUDA\v6.5\include" /Zi /nologo /W3 /WX- /O2 /Oi /Oy- /GL /D _MBCS /Gm- /EHsc /MD /GS /Gy /fp:precise /Zc:wchar_t /Zc:forScope /Fo"Release\\" /Fd"Release\vc110.pdb" /Gd /TP /analyze- /errorReport:prompt Main.cpp
         Main.cpp
     1>c:\users\cmdadmin\google drive\computer game engineering\game technologies\game technologies\MyGame.h(20): warning C4305: '+=' : truncation from 'double' to 'float'
     1>c:\users\cmdadmin\google drive\computer game engineering\game technologies\game technologies\MyGame.h(21): warning C4305: '+=' : truncation from 'double' to 'float'
     1>c:\users\cmdadmin\google drive\computer game engineering\game technologies\game technologies\MyGame.h(22): warning C4305: '+=' : truncation from 'double' to 'float'
     1>c:\users\cmdadmin\google drive\computer game engineering\game technologies\game technologies\MyGame.h(24): warning C4305: '-=' : truncation from 'double' to 'float'
     1>c:\users\cmdadmin\google drive\computer game engineering\game technologies\game technologies\MyGame.h(25): warning C4305: '-=' : truncation from 'double' to 'float'
     1>c:\users\cmdadmin\google drive\computer game engineering\game technologies\game technologies\MyGame.h(26): warning C4305: '-=' : truncation from 'double' to 'float'
       Link:
         C:\Program Files (x86)\Microsoft Visual Studio 11.0\VC\bin\link.exe /ERRORREPORT:PROMPT /OUT:"C:\Users\cmdadmin\Google Drive\Computer Game Engineering\Game Technologies\Release\GameTech.exe" /NOLOGO /LIBPATH:"C:\Program Files\NVIDIA GPU Computing Toolkit\CUDA\v6.5\lib\Win32" kernel32.lib user32.lib gdi32.lib winspool.lib comdlg32.lib advapi32.lib shell32.lib ole32.lib oleaut32.lib uuid.lib odbc32.lib odbccp32.lib /MANIFEST /MANIFESTUAC:"level='asInvoker' uiAccess='false'" /manifest:embed /DEBUG /PDB:"C:\Users\cmdadmin\Google Drive\Computer Game Engineering\Game Technologies\Release\GameTech.pdb" /OPT:REF /OPT:ICF /LTCG /TLBID:1 /DYNAMICBASE /NXCOMPAT /IMPLIB:"C:\Users\cmdadmin\Google Drive\Computer Game Engineering\Game Technologies\Release\GameTech.lib" /MACHINE:X86 /SAFESEH Release\Water.cu.obj
         Release\GameTech.res
         Release\CollisionHelper.obj
         Release\GameClass.obj
         Release\GameEntity.obj
         Release\Main.obj
         Release\MyGame.obj
         Release\PhysicsNode.obj
         Release\PhysicsSystem.obj
         Release\Renderer.obj
         Release\Spring.obj
     1>MSVCRT.lib(cinitexe.obj) : warning LNK4098: defaultlib 'libcmt.lib' conflicts with use of other libs; use /NODEFAULTLIB:library
         Generating code
         Finished generating code
     1>Water.cu.obj : warning LNK4049: locally defined symbol ___glewPrimitiveRestartIndex imported
     1>Water.cu.obj : warning LNK4049: locally defined symbol ___glewBindVertexArray imported
     1>Renderer.obj : warning LNK4049: locally defined symbol ___glewCheckFramebufferStatus imported
     1>Renderer.obj : warning LNK4049: locally defined symbol ___glewGetUniformLocation imported
     1>Renderer.obj : warning LNK4049: locally defined symbol ___glewUniform1i imported
     1>Renderer.obj : warning LNK4049: locally defined symbol ___glewBindFramebuffer imported
     1>Renderer.obj : warning LNK4049: locally defined symbol ___glewGenFramebuffers imported
     1>Renderer.obj : warning LNK4049: locally defined symbol ___glewUniformMatrix4fv imported
     1>Renderer.obj : warning LNK4049: locally defined symbol ___glewDrawBuffers imported
     1>Renderer.obj : warning LNK4049: locally defined symbol ___glewUniform4fv imported
     1>Renderer.obj : warning LNK4049: locally defined symbol ___glewDeleteFramebuffers imported
     1>Renderer.obj : warning LNK4049: locally defined symbol ___glewUseProgram imported
     1>Renderer.obj : warning LNK4049: locally defined symbol ___glewFramebufferTexture2D imported
     1>Renderer.obj : warning LNK4049: locally defined symbol ___glewActiveTexture imported
     1>SOIL.lib(SOIL.obj) : warning LNK4099: PDB 'vc120.pdb' was not found with 'SOIL.lib(SOIL.obj)' or at 'C:\Users\cmdadmin\Google Drive\Computer Game Engineering\Game Technologies\Release\vc120.pdb'; linking object as if no debug info
     1>SOIL.lib(stb_image_aug.obj) : warning LNK4099: PDB 'vc120.pdb' was not found with 'SOIL.lib(stb_image_aug.obj)' or at 'C:\Users\cmdadmin\Google Drive\Computer Game Engineering\Game Technologies\Release\vc120.pdb'; linking object as if no debug info
     1>SOIL.lib(image_helper.obj) : warning LNK4099: PDB 'vc120.pdb' was not found with 'SOIL.lib(image_helper.obj)' or at 'C:\Users\cmdadmin\Google Drive\Computer Game Engineering\Game Technologies\Release\vc120.pdb'; linking object as if no debug info
     1>SOIL.lib(image_DXT.obj) : warning LNK4099: PDB 'vc120.pdb' was not found with 'SOIL.lib(image_DXT.obj)' or at 'C:\Users\cmdadmin\Google Drive\Computer Game Engineering\Game Technologies\Release\vc120.pdb'; linking object as if no debug info
     1>glew32.lib(glew.obj) : warning LNK4099: PDB 'vc120.pdb' was not found with 'glew32.lib(glew.obj)' or at 'C:\Users\cmdadmin\Google Drive\Computer Game Engineering\Game Technologies\Release\vc120.pdb'; linking object as if no debug info
         GameTech.vcxproj -> C:\Users\cmdadmin\Google Drive\Computer Game Engineering\Game Technologies\Release\GameTech.exe
     1>Done Building Project "C:\Users\cmdadmin\Google Drive\Computer Game Engineering\Game Technologies\Game Technologies\GameTech.vcxproj" (Build target(s)).

Build succeeded.

Time Elapsed 00:00:02.60
