C:\USERS\CMDADMIN\GOOGLE DRIVE\COMPUTER GAME ENGINEERING\GAME TECHNOLOGIES\GAME TECHNOLOGIES\RELEASE\SPRING.OBJ
C:\USERS\CMDADMIN\GOOGLE DRIVE\COMPUTER GAME ENGINEERING\GAME TECHNOLOGIES\GAME TECHNOLOGIES\RELEASE\RENDERER.OBJ
C:\USERS\CMDADMIN\GOOGLE DRIVE\COMPUTER GAME ENGINEERING\GAME TECHNOLOGIES\GAME TECHNOLOGIES\RELEASE\PHYSICSSYSTEM.OBJ
C:\USERS\CMDADMIN\GOOGLE DRIVE\COMPUTER GAME ENGINEERING\GAME TECHNOLOGIES\GAME TECHNOLOGIES\RELEASE\PHYSICSNODE.OBJ
C:\USERS\CMDADMIN\GOOGLE DRIVE\COMPUTER GAME ENGINEERING\GAME TECHNOLOGIES\GAME TECHNOLOGIES\RELEASE\MYGAME.OBJ
C:\USERS\CMDADMIN\GOOGLE DRIVE\COMPUTER GAME ENGINEERING\GAME TECHNOLOGIES\GAME TECHNOLOGIES\RELEASE\MAIN.OBJ
C:\USERS\CMDADMIN\GOOGLE DRIVE\COMPUTER GAME ENGINEERING\GAME TECHNOLOGIES\GAME TECHNOLOGIES\RELEASE\GAMEENTITY.OBJ
C:\USERS\CMDADMIN\GOOGLE DRIVE\COMPUTER GAME ENGINEERING\GAME TECHNOLOGIES\GAME TECHNOLOGIES\RELEASE\GAMECLASS.OBJ
C:\USERS\CMDADMIN\GOOGLE DRIVE\COMPUTER GAME ENGINEERING\GAME TECHNOLOGIES\GAME TECHNOLOGIES\RELEASE\COLLISIONHELPER.OBJ
C:\USERS\CMDADMIN\GOOGLE DRIVE\COMPUTER GAME ENGINEERING\GAME TECHNOLOGIES\GAME TECHNOLOGIES\RELEASE\VC110.PDB
C:\USERS\CMDADMIN\GOOGLE DRIVE\COMPUTER GAME ENGINEERING\GAME TECHNOLOGIES\RELEASE\GAMETECH.EXE
C:\USERS\CMDADMIN\GOOGLE DRIVE\COMPUTER GAME ENGINEERING\GAME TECHNOLOGIES\RELEASE\GAMETECH.PDB
C:\Users\cmdadmin\Google Drive\Computer Game Engineering\Game Technologies\Game Technologies\Release\CollisionHelper.obj
C:\Users\cmdadmin\Google Drive\Computer Game Engineering\Game Technologies\Game Technologies\Release\GameClass.obj
C:\Users\cmdadmin\Google Drive\Computer Game Engineering\Game Technologies\Game Technologies\Release\GameEntity.obj
C:\Users\cmdadmin\Google Drive\Computer Game Engineering\Game Technologies\Game Technologies\Release\Main.obj
C:\Users\cmdadmin\Google Drive\Computer Game Engineering\Game Technologies\Game Technologies\Release\MyGame.obj
C:\Users\cmdadmin\Google Drive\Computer Game Engineering\Game Technologies\Game Technologies\Release\PhysicsNode.obj
C:\Users\cmdadmin\Google Drive\Computer Game Engineering\Game Technologies\Game Technologies\Release\PhysicsSystem.obj
C:\Users\cmdadmin\Google Drive\Computer Game Engineering\Game Technologies\Game Technologies\Release\Renderer.obj
C:\Users\cmdadmin\Google Drive\Computer Game Engineering\Game Technologies\Game Technologies\Release\Spring.obj
C:\Users\cmdadmin\Google Drive\Computer Game Engineering\Game Technologies\Game Technologies\Release\cl.command.1.tlog
C:\Users\cmdadmin\Google Drive\Computer Game Engineering\Game Technologies\Game Technologies\Release\CL.read.1.tlog
C:\Users\cmdadmin\Google Drive\Computer Game Engineering\Game Technologies\Game Technologies\Release\CL.write.1.tlog
C:\Users\cmdadmin\Google Drive\Computer Game Engineering\Game Technologies\Game Technologies\Release\link-cvtres.read.1.tlog
C:\Users\cmdadmin\Google Drive\Computer Game Engineering\Game Technologies\Game Technologies\Release\link-cvtres.write.1.tlog
C:\Users\cmdadmin\Google Drive\Computer Game Engineering\Game Technologies\Game Technologies\Release\link-rc.read.1.tlog
C:\Users\cmdadmin\Google Drive\Computer Game Engineering\Game Technologies\Game Technologies\Release\link-rc.write.1.tlog
C:\Users\cmdadmin\Google Drive\Computer Game Engineering\Game Technologies\Game Technologies\Release\link.command.1.tlog
C:\Users\cmdadmin\Google Drive\Computer Game Engineering\Game Technologies\Game Technologies\Release\link.read.1.tlog
C:\Users\cmdadmin\Google Drive\Computer Game Engineering\Game Technologies\Game Technologies\Release\link.write.1.tlog
C:\Users\cmdadmin\Google Drive\Computer Game Engineering\Game Technologies\Game Technologies\Release\vc110.pdb
C:\Users\cmdadmin\Google Drive\Computer Game Engineering\Game Technologies\Game Technologies\Release\vc120.pdb
C:\Users\cmdadmin\Google Drive\Computer Game Engineering\Game Technologies\Release\GameTech.pdb
C:\Users\cmdadmin\Google Drive\Computer Game Engineering\Game Technologies\Release\GameTech.exe
