Build started 12/12/2014 08:48:39.
     1>Project "C:\Users\cmdadmin\Google Drive\Computer Game Engineering\nclgl\nclgl.vcxproj" on node 2 (Build target(s)).
     1>ClCompile:
         C:\Program Files (x86)\Microsoft Visual Studio 11.0\VC\bin\CL.exe /c /Zi /nologo /W3 /WX- /O2 /Oi /Oy- /GL /D GLEW_STATIC /D _MBCS /Gm- /EHsc /MD /GS /Gy /fp:precise /Zc:wchar_t /Zc:forScope /Fo"Release\\" /Fd"Release\vc110.pdb" /Gd /TP /analyze- /errorReport:prompt Camera.cpp CubeRobot.cpp Frustum.cpp GameTimer.cpp Keyboard.cpp Light.cpp Matrix3.cpp Matrix4.cpp MD5Anim.cpp MD5FileData.cpp MD5Mesh.cpp MD5Node.cpp Mesh.cpp Mouse.cpp OBJMesh.cpp OGLRenderer.cpp Plane.cpp Quaternion.cpp SceneNode.cpp Shader.cpp TextMesh.cpp Window.cpp
         Camera.cpp
         CubeRobot.cpp
         Frustum.cpp
         GameTimer.cpp
         Keyboard.cpp
         Light.cpp
         Matrix3.cpp
         Matrix4.cpp
         MD5Anim.cpp
         MD5FileData.cpp
         MD5Mesh.cpp
         MD5Node.cpp
         Mesh.cpp
     1>Mesh.cpp(177): warning C4244: 'initializing' : conversion from 'double' to 'const float', possible loss of data
     1>Mesh.cpp(178): warning C4244: 'initializing' : conversion from 'double' to 'const float', possible loss of data
     1>Mesh.cpp(179): warning C4244: 'initializing' : conversion from 'double' to 'const float', possible loss of data
     1>Mesh.cpp(231): warning C4244: 'argument' : conversion from 'double' to 'const float', possible loss of data
     1>Mesh.cpp(231): warning C4244: 'argument' : conversion from 'int' to 'const float', possible loss of data
         Mouse.cpp
         OBJMesh.cpp
         OGLRenderer.cpp
         Plane.cpp
         Quaternion.cpp
         SceneNode.cpp
         Shader.cpp
         Compiling...
         TextMesh.cpp
         Window.cpp
       Lib:
         C:\Program Files (x86)\Microsoft Visual Studio 11.0\VC\bin\Lib.exe /OUT:"C:\Users\cmdadmin\Google Drive\Computer Game Engineering\Game Technologies\Release\nclgl.lib" /NOLOGO /LTCG Release\Camera.obj
         Release\CubeRobot.obj
         Release\Frustum.obj
         Release\GameTimer.obj
         Release\Keyboard.obj
         Release\Light.obj
         Release\Matrix3.obj
         Release\Matrix4.obj
         Release\MD5Anim.obj
         Release\MD5FileData.obj
         Release\MD5Mesh.obj
         Release\MD5Node.obj
         Release\Mesh.obj
         Release\Mouse.obj
         Release\OBJMesh.obj
         Release\OGLRenderer.obj
         Release\Plane.obj
         Release\Quaternion.obj
         Release\SceneNode.obj
         Release\Shader.obj
         Release\TextMesh.obj
         Release\Window.obj
         nclgl.vcxproj -> C:\Users\cmdadmin\Google Drive\Computer Game Engineering\Game Technologies\Release\nclgl.lib
     1>Done Building Project "C:\Users\cmdadmin\Google Drive\Computer Game Engineering\nclgl\nclgl.vcxproj" (Build target(s)).

Build succeeded.

Time Elapsed 00:00:09.27
