C:\USERS\CMDADMIN\GOOGLE DRIVE\COMPUTER GAME ENGINEERING\NCLGL\RELEASE\SHADER.OBJ
C:\USERS\CMDADMIN\GOOGLE DRIVE\COMPUTER GAME ENGINEERING\NCLGL\RELEASE\SCENENODE.OBJ
C:\USERS\CMDADMIN\GOOGLE DRIVE\COMPUTER GAME ENGINEERING\NCLGL\RELEASE\QUATERNION.OBJ
C:\USERS\CMDADMIN\GOOGLE DRIVE\COMPUTER GAME ENGINEERING\NCLGL\RELEASE\PLANE.OBJ
C:\USERS\CMDADMIN\GOOGLE DRIVE\COMPUTER GAME ENGINEERING\NCLGL\RELEASE\OGLRENDERER.OBJ
C:\USERS\CMDADMIN\GOOGLE DRIVE\COMPUTER GAME ENGINEERING\NCLGL\RELEASE\OBJMESH.OBJ
C:\USERS\CMDADMIN\GOOGLE DRIVE\COMPUTER GAME ENGINEERING\NCLGL\RELEASE\MOUSE.OBJ
C:\USERS\CMDADMIN\GOOGLE DRIVE\COMPUTER GAME ENGINEERING\NCLGL\RELEASE\MESH.OBJ
C:\USERS\CMDADMIN\GOOGLE DRIVE\COMPUTER GAME ENGINEERING\NCLGL\RELEASE\MD5NODE.OBJ
C:\USERS\CMDADMIN\GOOGLE DRIVE\COMPUTER GAME ENGINEERING\NCLGL\RELEASE\MD5MESH.OBJ
C:\USERS\CMDADMIN\GOOGLE DRIVE\COMPUTER GAME ENGINEERING\NCLGL\RELEASE\MD5FILEDATA.OBJ
C:\USERS\CMDADMIN\GOOGLE DRIVE\COMPUTER GAME ENGINEERING\NCLGL\RELEASE\MD5ANIM.OBJ
C:\USERS\CMDADMIN\GOOGLE DRIVE\COMPUTER GAME ENGINEERING\NCLGL\RELEASE\MATRIX4.OBJ
C:\USERS\CMDADMIN\GOOGLE DRIVE\COMPUTER GAME ENGINEERING\NCLGL\RELEASE\MATRIX3.OBJ
C:\USERS\CMDADMIN\GOOGLE DRIVE\COMPUTER GAME ENGINEERING\NCLGL\RELEASE\LIGHT.OBJ
C:\USERS\CMDADMIN\GOOGLE DRIVE\COMPUTER GAME ENGINEERING\NCLGL\RELEASE\KEYBOARD.OBJ
C:\USERS\CMDADMIN\GOOGLE DRIVE\COMPUTER GAME ENGINEERING\NCLGL\RELEASE\GAMETIMER.OBJ
C:\USERS\CMDADMIN\GOOGLE DRIVE\COMPUTER GAME ENGINEERING\NCLGL\RELEASE\FRUSTUM.OBJ
C:\USERS\CMDADMIN\GOOGLE DRIVE\COMPUTER GAME ENGINEERING\NCLGL\RELEASE\CUBEROBOT.OBJ
C:\USERS\CMDADMIN\GOOGLE DRIVE\COMPUTER GAME ENGINEERING\NCLGL\RELEASE\CAMERA.OBJ
C:\USERS\CMDADMIN\GOOGLE DRIVE\COMPUTER GAME ENGINEERING\NCLGL\RELEASE\WINDOW.OBJ
C:\USERS\CMDADMIN\GOOGLE DRIVE\COMPUTER GAME ENGINEERING\NCLGL\RELEASE\TEXTMESH.OBJ
C:\USERS\CMDADMIN\GOOGLE DRIVE\COMPUTER GAME ENGINEERING\NCLGL\RELEASE\VC110.PDB
C:\USERS\CMDADMIN\GOOGLE DRIVE\COMPUTER GAME ENGINEERING\GAME TECHNOLOGIES\RELEASE\NCLGL.LIB
C:\Users\cmdadmin\Google Drive\Computer Game Engineering\nclgl\Release\Camera.obj
C:\Users\cmdadmin\Google Drive\Computer Game Engineering\nclgl\Release\CubeRobot.obj
C:\Users\cmdadmin\Google Drive\Computer Game Engineering\nclgl\Release\Frustum.obj
C:\Users\cmdadmin\Google Drive\Computer Game Engineering\nclgl\Release\GameTimer.obj
C:\Users\cmdadmin\Google Drive\Computer Game Engineering\nclgl\Release\Keyboard.obj
C:\Users\cmdadmin\Google Drive\Computer Game Engineering\nclgl\Release\Light.obj
C:\Users\cmdadmin\Google Drive\Computer Game Engineering\nclgl\Release\Matrix3.obj
C:\Users\cmdadmin\Google Drive\Computer Game Engineering\nclgl\Release\Matrix4.obj
C:\Users\cmdadmin\Google Drive\Computer Game Engineering\nclgl\Release\MD5Anim.obj
C:\Users\cmdadmin\Google Drive\Computer Game Engineering\nclgl\Release\MD5FileData.obj
C:\Users\cmdadmin\Google Drive\Computer Game Engineering\nclgl\Release\MD5Mesh.obj
C:\Users\cmdadmin\Google Drive\Computer Game Engineering\nclgl\Release\MD5Node.obj
C:\Users\cmdadmin\Google Drive\Computer Game Engineering\nclgl\Release\Mesh.obj
C:\Users\cmdadmin\Google Drive\Computer Game Engineering\nclgl\Release\Mouse.obj
C:\Users\cmdadmin\Google Drive\Computer Game Engineering\nclgl\Release\OBJMesh.obj
C:\Users\cmdadmin\Google Drive\Computer Game Engineering\nclgl\Release\OGLRenderer.obj
C:\Users\cmdadmin\Google Drive\Computer Game Engineering\nclgl\Release\Plane.obj
C:\Users\cmdadmin\Google Drive\Computer Game Engineering\nclgl\Release\Quaternion.obj
C:\Users\cmdadmin\Google Drive\Computer Game Engineering\nclgl\Release\SceneNode.obj
C:\Users\cmdadmin\Google Drive\Computer Game Engineering\nclgl\Release\Shader.obj
C:\Users\cmdadmin\Google Drive\Computer Game Engineering\nclgl\Release\TextMesh.obj
C:\Users\cmdadmin\Google Drive\Computer Game Engineering\nclgl\Release\Window.obj
C:\Users\cmdadmin\Google Drive\Computer Game Engineering\nclgl\Release\cl.command.1.tlog
C:\Users\cmdadmin\Google Drive\Computer Game Engineering\nclgl\Release\CL.read.1.tlog
C:\Users\cmdadmin\Google Drive\Computer Game Engineering\nclgl\Release\CL.write.1.tlog
C:\Users\cmdadmin\Google Drive\Computer Game Engineering\nclgl\Release\Lib-link.read.1.tlog
C:\Users\cmdadmin\Google Drive\Computer Game Engineering\nclgl\Release\Lib-link.write.1.tlog
C:\Users\cmdadmin\Google Drive\Computer Game Engineering\nclgl\Release\lib.command.1.tlog
C:\Users\cmdadmin\Google Drive\Computer Game Engineering\nclgl\Release\vc110.pdb
C:\Users\cmdadmin\Google Drive\Computer Game Engineering\nclgl\Release\vc120.pdb
C:\Users\cmdadmin\Google Drive\Computer Game Engineering\Game Technologies\Release\nclgl.lib
