C:\USERS\CMDADMIN\GOOGLE DRIVE\COMPUTER GAME ENGINEERING\GAME TECHNOLOGIES\GAME TECHNOLOGIES\DEBUG\COLLISIONHELPER.OBJ
C:\USERS\CMDADMIN\GOOGLE DRIVE\COMPUTER GAME ENGINEERING\GAME TECHNOLOGIES\GAME TECHNOLOGIES\DEBUG\GAMECLASS.OBJ
C:\USERS\CMDADMIN\GOOGLE DRIVE\COMPUTER GAME ENGINEERING\GAME TECHNOLOGIES\GAME TECHNOLOGIES\DEBUG\GAMEENTITY.OBJ
C:\USERS\CMDADMIN\GOOGLE DRIVE\COMPUTER GAME ENGINEERING\GAME TECHNOLOGIES\GAME TECHNOLOGIES\DEBUG\MAIN.OBJ
C:\USERS\CMDADMIN\GOOGLE DRIVE\COMPUTER GAME ENGINEERING\GAME TECHNOLOGIES\GAME TECHNOLOGIES\DEBUG\MYGAME.OBJ
C:\USERS\CMDADMIN\GOOGLE DRIVE\COMPUTER GAME ENGINEERING\GAME TECHNOLOGIES\GAME TECHNOLOGIES\DEBUG\PHYSICSNODE.OBJ
C:\USERS\CMDADMIN\GOOGLE DRIVE\COMPUTER GAME ENGINEERING\GAME TECHNOLOGIES\GAME TECHNOLOGIES\DEBUG\PHYSICSSYSTEM.OBJ
C:\USERS\CMDADMIN\GOOGLE DRIVE\COMPUTER GAME ENGINEERING\GAME TECHNOLOGIES\GAME TECHNOLOGIES\DEBUG\RENDERER.OBJ
C:\USERS\CMDADMIN\GOOGLE DRIVE\COMPUTER GAME ENGINEERING\GAME TECHNOLOGIES\GAME TECHNOLOGIES\DEBUG\SPRING.OBJ
C:\USERS\CMDADMIN\GOOGLE DRIVE\COMPUTER GAME ENGINEERING\GAME TECHNOLOGIES\GAME TECHNOLOGIES\DEBUG\VC110.PDB
C:\USERS\CMDADMIN\GOOGLE DRIVE\COMPUTER GAME ENGINEERING\GAME TECHNOLOGIES\DEBUG\GAMETECH.ILK
C:\USERS\CMDADMIN\GOOGLE DRIVE\COMPUTER GAME ENGINEERING\GAME TECHNOLOGIES\DEBUG\GAMETECH.EXE
C:\USERS\CMDADMIN\GOOGLE DRIVE\COMPUTER GAME ENGINEERING\GAME TECHNOLOGIES\DEBUG\GAMETECH.PDB
C:\USERS\CMDADMIN\GOOGLE DRIVE\COMPUTER GAME ENGINEERING\GAME TECHNOLOGIES\GAME TECHNOLOGIES\DEBUG\GAMETECH.RES
C:\Users\cmdadmin\Google Drive\Computer Game Engineering\Game Technologies\Game Technologies\Debug\cuda.cu.cache
C:\Users\cmdadmin\Google Drive\Computer Game Engineering\Game Technologies\Game Technologies\Debug\Water.cu.cache
C:\Users\cmdadmin\Google Drive\Computer Game Engineering\Game Technologies\Game Technologies\Debug\CollisionHelper.obj
C:\Users\cmdadmin\Google Drive\Computer Game Engineering\Game Technologies\Game Technologies\Debug\cuda.cu.obj
C:\Users\cmdadmin\Google Drive\Computer Game Engineering\Game Technologies\Game Technologies\Debug\GameClass.obj
C:\Users\cmdadmin\Google Drive\Computer Game Engineering\Game Technologies\Game Technologies\Debug\GameEntity.obj
C:\Users\cmdadmin\Google Drive\Computer Game Engineering\Game Technologies\Game Technologies\Debug\Main.obj
C:\Users\cmdadmin\Google Drive\Computer Game Engineering\Game Technologies\Game Technologies\Debug\MyGame.obj
C:\Users\cmdadmin\Google Drive\Computer Game Engineering\Game Technologies\Game Technologies\Debug\PhysicsNode.obj
C:\Users\cmdadmin\Google Drive\Computer Game Engineering\Game Technologies\Game Technologies\Debug\PhysicsSystem.obj
C:\Users\cmdadmin\Google Drive\Computer Game Engineering\Game Technologies\Game Technologies\Debug\Renderer.obj
C:\Users\cmdadmin\Google Drive\Computer Game Engineering\Game Technologies\Game Technologies\Debug\Spring.obj
C:\Users\cmdadmin\Google Drive\Computer Game Engineering\Game Technologies\Game Technologies\Debug\Water.cu.obj
C:\Users\cmdadmin\Google Drive\Computer Game Engineering\Game Technologies\Game Technologies\Debug\cl.command.1.tlog
C:\Users\cmdadmin\Google Drive\Computer Game Engineering\Game Technologies\Game Technologies\Debug\CL.read.1.tlog
C:\Users\cmdadmin\Google Drive\Computer Game Engineering\Game Technologies\Game Technologies\Debug\CL.write.1.tlog
C:\Users\cmdadmin\Google Drive\Computer Game Engineering\Game Technologies\Game Technologies\Debug\link-cvtres.read.1.tlog
C:\Users\cmdadmin\Google Drive\Computer Game Engineering\Game Technologies\Game Technologies\Debug\link-cvtres.write.1.tlog
C:\Users\cmdadmin\Google Drive\Computer Game Engineering\Game Technologies\Game Technologies\Debug\link-rc.read.1.tlog
C:\Users\cmdadmin\Google Drive\Computer Game Engineering\Game Technologies\Game Technologies\Debug\link-rc.write.1.tlog
C:\Users\cmdadmin\Google Drive\Computer Game Engineering\Game Technologies\Game Technologies\Debug\link.2260-cvtres.read.1.tlog
C:\Users\cmdadmin\Google Drive\Computer Game Engineering\Game Technologies\Game Technologies\Debug\link.2260-cvtres.write.1.tlog
C:\Users\cmdadmin\Google Drive\Computer Game Engineering\Game Technologies\Game Technologies\Debug\link.2260-rc.read.1.tlog
C:\Users\cmdadmin\Google Drive\Computer Game Engineering\Game Technologies\Game Technologies\Debug\link.2260-rc.write.1.tlog
C:\Users\cmdadmin\Google Drive\Computer Game Engineering\Game Technologies\Game Technologies\Debug\link.2260.read.1.tlog
C:\Users\cmdadmin\Google Drive\Computer Game Engineering\Game Technologies\Game Technologies\Debug\link.2260.write.1.tlog
C:\Users\cmdadmin\Google Drive\Computer Game Engineering\Game Technologies\Game Technologies\Debug\link.5748-cvtres.read.1.tlog
C:\Users\cmdadmin\Google Drive\Computer Game Engineering\Game Technologies\Game Technologies\Debug\link.5748-cvtres.write.1.tlog
C:\Users\cmdadmin\Google Drive\Computer Game Engineering\Game Technologies\Game Technologies\Debug\link.5748-rc.read.1.tlog
C:\Users\cmdadmin\Google Drive\Computer Game Engineering\Game Technologies\Game Technologies\Debug\link.5748-rc.write.1.tlog
C:\Users\cmdadmin\Google Drive\Computer Game Engineering\Game Technologies\Game Technologies\Debug\link.5748.read.1.tlog
C:\Users\cmdadmin\Google Drive\Computer Game Engineering\Game Technologies\Game Technologies\Debug\link.5748.write.1.tlog
C:\Users\cmdadmin\Google Drive\Computer Game Engineering\Game Technologies\Game Technologies\Debug\link.6676-cvtres.read.1.tlog
C:\Users\cmdadmin\Google Drive\Computer Game Engineering\Game Technologies\Game Technologies\Debug\link.6676-cvtres.write.1.tlog
C:\Users\cmdadmin\Google Drive\Computer Game Engineering\Game Technologies\Game Technologies\Debug\link.6676-rc.read.1.tlog
C:\Users\cmdadmin\Google Drive\Computer Game Engineering\Game Technologies\Game Technologies\Debug\link.6676-rc.write.1.tlog
C:\Users\cmdadmin\Google Drive\Computer Game Engineering\Game Technologies\Game Technologies\Debug\link.6676.read.1.tlog
C:\Users\cmdadmin\Google Drive\Computer Game Engineering\Game Technologies\Game Technologies\Debug\link.6676.write.1.tlog
C:\Users\cmdadmin\Google Drive\Computer Game Engineering\Game Technologies\Game Technologies\Debug\link.command.1.tlog
C:\Users\cmdadmin\Google Drive\Computer Game Engineering\Game Technologies\Game Technologies\Debug\link.read.1.tlog
C:\Users\cmdadmin\Google Drive\Computer Game Engineering\Game Technologies\Game Technologies\Debug\link.write.1.tlog
C:\Users\cmdadmin\Google Drive\Computer Game Engineering\Game Technologies\Game Technologies\Debug\rc.command.1.tlog
C:\Users\cmdadmin\Google Drive\Computer Game Engineering\Game Technologies\Game Technologies\Debug\rc.read.1.tlog
C:\Users\cmdadmin\Google Drive\Computer Game Engineering\Game Technologies\Game Technologies\Debug\rc.write.1.tlog
C:\Users\cmdadmin\Google Drive\Computer Game Engineering\Game Technologies\Game Technologies\Debug\GameTech.res
C:\Users\cmdadmin\Google Drive\Computer Game Engineering\Game Technologies\Game Technologies\Debug\vc110.idb
C:\Users\cmdadmin\Google Drive\Computer Game Engineering\Game Technologies\Game Technologies\Debug\vc110.pdb
C:\Users\cmdadmin\Google Drive\Computer Game Engineering\Game Technologies\Debug\GameTech.pdb
C:\Users\cmdadmin\Google Drive\Computer Game Engineering\Game Technologies\Debug\GameTech.exe
C:\Users\cmdadmin\Google Drive\Computer Game Engineering\Game Technologies\Debug\GameTech.ilk
